\BOOKMARK [1][-]{section.1}{Introduction}{}% 1
\BOOKMARK [1][-]{section.2}{Theory}{}% 2
\BOOKMARK [2][-]{subsection.2.1}{Confusion matrix}{section.2}% 3
\BOOKMARK [2][-]{subsection.2.2}{Logistic Regression}{section.2}% 4
\BOOKMARK [3][-]{subsubsection.2.2.1}{Prediction}{subsection.2.2}% 5
\BOOKMARK [3][-]{subsubsection.2.2.2}{Correction/Backpropagation}{subsection.2.2}% 6
\BOOKMARK [2][-]{subsection.2.3}{Neural Network}{section.2}% 7
\BOOKMARK [2][-]{subsection.2.4}{Random Forest}{section.2}% 8
\BOOKMARK [3][-]{subsubsection.2.4.1}{Decision Trees}{subsection.2.4}% 9
\BOOKMARK [3][-]{subsubsection.2.4.2}{Reducing Overfitting}{subsection.2.4}% 10
\BOOKMARK [2][-]{subsection.2.5}{Other literature}{section.2}% 11
\BOOKMARK [1][-]{section.3}{Dataset}{}% 12
\BOOKMARK [2][-]{subsection.3.1}{Features}{section.3}% 13
\BOOKMARK [1][-]{section.4}{Methods}{}% 14
\BOOKMARK [1][-]{section.5}{Results}{}% 15
\BOOKMARK [2][-]{subsection.5.1}{Features}{section.5}% 16
\BOOKMARK [2][-]{subsection.5.2}{Prediction power}{section.5}% 17
\BOOKMARK [1][-]{section.6}{Discussion}{}% 18
\BOOKMARK [1][-]{section.7}{Conclusion}{}% 19
\BOOKMARK [2][-]{subsection.7.1}{Considerations for improvements}{section.7}% 20
